<?xml version="1.0" encoding="UTF-8"?>
<!-- Generated by org.testng.reporters.JUnitReportReporter -->
<testsuite name="advent.y2017.datastructures.PictureTest" tests="2" time="0.009" ignored="0" failures="0" timestamp="15 Jun 2018 21:17:52 GMT" skipped="0" hostname="jandrews" errors="0">
  <testcase name="testConstructFromArray" time="0.008" classname="advent.y2017.datastructures.PictureTest"/>
  <testcase name="testSubdivide" time="0.001" classname="advent.y2017.datastructures.PictureTest"/>
</testsuite> <!-- advent.y2017.datastructures.PictureTest -->
