<?xml version="1.0" encoding="UTF-8"?>
<!-- Generated by org.testng.reporters.JUnitReportReporter -->
<testsuite name="advent.y2017.Day21RuleTest" tests="1" time="0.010" ignored="0" failures="0" timestamp="16 Jun 2018 18:53:15 GMT" skipped="0" hostname="jandrews" errors="0">
  <testcase name="testMatches" time="0.010" classname="advent.y2017.Day21RuleTest"/>
</testsuite> <!-- advent.y2017.Day21RuleTest -->
