<?xml version="1.0" encoding="UTF-8"?>
<!-- Generated by org.testng.reporters.JUnitReportReporter -->
<testsuite name="advent.y2017.day21.PictureTest" tests="2" time="0.010" ignored="0" failures="0" timestamp="16 Jun 2018 20:17:13 GMT" skipped="0" hostname="jandrews" errors="0">
  <testcase name="testConstructFromArray" time="0.009" classname="advent.y2017.day21.PictureTest"/>
  <testcase name="testSubdivide" time="0.001" classname="advent.y2017.day21.PictureTest"/>
</testsuite> <!-- advent.y2017.day21.PictureTest -->
